# JRE version: OpenJDK Runtime Environment (21.0.2+13) (build 21.0.2+13-58)
# Java VM: OpenJDK 64-Bit Server VM (21.0.2+13-58, mixed mode, sharing, tiered, compressed oops, compressed class ptrs, g1 gc, bsd-aarch64)
Heap:
 garbage-first heap   total 264192K, used 127668K [0x0000000700000000, 0x0000000800000000)
  region size 2048K, 60 young (122880K), 1 survivors (2048K)
 Metaspace       used 11494K, committed 11776K, reserved 1114112K
  class space    used 1264K, committed 1408K, reserved 1048576K
GC Heap History (20 events):
Event: 50.828 GC heap before
{Heap before GC invocations=0 (full 0):
 garbage-first heap   total 264192K, used 23564K [0x0000000700000000, 0x0000000800000000)
  region size 2048K, 11 young (22528K), 0 survivors (0K)
 Metaspace       used 11480K, committed 11776K, reserved 1114112K
  class space    used 1264K, committed 1408K, reserved 1048576K
}
Event: 50.869 GC heap after
{Heap after GC invocations=1 (full 0):
 garbage-first heap   total 264192K, used 6806K [0x0000000700000000, 0x0000000800000000)
  region size 2048K, 2 young (4096K), 2 survivors (4096K)
 Metaspace       used 11480K, committed 11776K, reserved 1114112K
  class space    used 1264K, committed 1408K, reserved 1048576K
}
Event: 332.381 GC heap before
{Heap before GC invocations=1 (full 0):
 garbage-first heap   total 264192K, used 33430K [0x0000000700000000, 0x0000000800000000)
  region size 2048K, 15 young (30720K), 2 survivors (4096K)
 Metaspace       used 11484K, committed 11776K, reserved 1114112K
  class space    used 1264K, committed 1408K, reserved 1048576K
}
Event: 332.398 GC heap after
{Heap after GC invocations=2 (full 0):
 garbage-first heap   total 264192K, used 7281K [0x0000000700000000, 0x0000000800000000)
  region size 2048K, 1 young (2048K), 1 survivors (2048K)
 Metaspace       used 11484K, committed 11776K, reserved 1114112K
  class space    used 1264K, committed 1408K, reserved 1048576K
}
Event: 2284.377 GC heap before
{Heap before GC invocations=2 (full 0):
 garbage-first heap   total 264192K, used 160881K [0x0000000700000000, 0x0000000800000000)
  region size 2048K, 76 young (155648K), 1 survivors (2048K)
 Metaspace       used 11492K, committed 11776K, reserved 1114112K
  class space    used 1264K, committed 1408K, reserved 1048576K
}
Event: 2284.402 GC heap after
{Heap after GC invocations=3 (full 0):
 garbage-first heap   total 264192K, used 6940K [0x0000000700000000, 0x0000000800000000)
  region size 2048K, 1 young (2048K), 1 survivors (2048K)
 Metaspace       used 11492K, committed 11776K, reserved 1114112K
  class space    used 1264K, committed 1408K, reserved 1048576K
}
Event: 2397.151 GC heap before
{Heap before GC invocations=3 (full 0):
 garbage-first heap   total 264192K, used 17180K [0x0000000700000000, 0x0000000800000000)
  region size 2048K, 6 young (12288K), 1 survivors (2048K)
 Metaspace       used 11492K, committed 11776K, reserved 1114112K
  class space    used 1264K, committed 1408K, reserved 1048576K
}
Event: 2397.155 GC heap after
{Heap after GC invocations=4 (full 0):
 garbage-first heap   total 264192K, used 6855K [0x0000000700000000, 0x0000000800000000)
  region size 2048K, 1 young (2048K), 1 survivors (2048K)
 Metaspace       used 11492K, committed 11776K, reserved 1114112K
  class space    used 1264K, committed 1408K, reserved 1048576K
}
Event: 2524.334 GC heap before
{Heap before GC invocations=4 (full 0):
 garbage-first heap   total 264192K, used 17095K [0x0000000700000000, 0x0000000800000000)
  region size 2048K, 6 young (12288K), 1 survivors (2048K)
 Metaspace       used 11492K, committed 11776K, reserved 1114112K
  class space    used 1264K, committed 1408K, reserved 1048576K
}
Event: 2524.337 GC heap after
{Heap after GC invocations=5 (full 0):
 garbage-first heap   total 264192K, used 6840K [0x0000000700000000, 0x0000000800000000)
  region size 2048K, 1 young (2048K), 1 survivors (2048K)
 Metaspace       used 11492K, committed 11776K, reserved 1114112K
  class space    used 1264K, committed 1408K, reserved 1048576K
}
Event: 2651.492 GC heap before
{Heap before GC invocations=5 (full 0):
 garbage-first heap   total 264192K, used 17080K [0x0000000700000000, 0x0000000800000000)
  region size 2048K, 6 young (12288K), 1 survivors (2048K)
 Metaspace       used 11492K, committed 11776K, reserved 1114112K
  class space    used 1264K, committed 1408K, reserved 1048576K
}
Event: 2651.496 GC heap after
{Heap after GC invocations=6 (full 0):
 garbage-first heap   total 264192K, used 6838K [0x0000000700000000, 0x0000000800000000)
  region size 2048K, 1 young (2048K), 1 survivors (2048K)
 Metaspace       used 11492K, committed 11776K, reserved 1114112K
  class space    used 1264K, committed 1408K, reserved 1048576K
}
Event: 2828.640 GC heap before
{Heap before GC invocations=6 (full 0):
 garbage-first heap   total 264192K, used 21174K [0x0000000700000000, 0x0000000800000000)
  region size 2048K, 8 young (16384K), 1 survivors (2048K)
 Metaspace       used 11492K, committed 11776K, reserved 1114112K
  class space    used 1264K, committed 1408K, reserved 1048576K
}
Event: 2828.643 GC heap after
{Heap after GC invocations=7 (full 0):
 garbage-first heap   total 264192K, used 6840K [0x0000000700000000, 0x0000000800000000)
  region size 2048K, 1 young (2048K), 1 survivors (2048K)
 Metaspace       used 11492K, committed 11776K, reserved 1114112K
  class space    used 1264K, committed 1408K, reserved 1048576K
}
Event: 4745.153 GC heap before
{Heap before GC invocations=7 (full 0):
 garbage-first heap   total 264192K, used 160440K [0x0000000700000000, 0x0000000800000000)
  region size 2048K, 76 young (155648K), 1 survivors (2048K)
 Metaspace       used 11494K, committed 11776K, reserved 1114112K
  class space    used 1264K, committed 1408K, reserved 1048576K
}
Event: 4745.180 GC heap after
{Heap after GC invocations=8 (full 0):
 garbage-first heap   total 264192K, used 6838K [0x0000000700000000, 0x0000000800000000)
  region size 2048K, 1 young (2048K), 1 survivors (2048K)
 Metaspace       used 11494K, committed 11776K, reserved 1114112K
  class space    used 1264K, committed 1408K, reserved 1048576K
}
Event: 6670.538 GC heap before
{Heap before GC invocations=8 (full 0):
 garbage-first heap   total 264192K, used 160438K [0x0000000700000000, 0x0000000800000000)
  region size 2048K, 76 young (155648K), 1 survivors (2048K)
 Metaspace       used 11494K, committed 11776K, reserved 1114112K
  class space    used 1264K, committed 1408K, reserved 1048576K
}
Event: 6670.566 GC heap after
{Heap after GC invocations=9 (full 0):
 garbage-first heap   total 264192K, used 6840K [0x0000000700000000, 0x0000000800000000)
  region size 2048K, 1 young (2048K), 1 survivors (2048K)
 Metaspace       used 11494K, committed 11776K, reserved 1114112K
  class space    used 1264K, committed 1408K, reserved 1048576K
}
Event: 8598.802 GC heap before
{Heap before GC invocations=9 (full 0):
 garbage-first heap   total 264192K, used 160440K [0x0000000700000000, 0x0000000800000000)
  region size 2048K, 76 young (155648K), 1 survivors (2048K)
 Metaspace       used 11494K, committed 11776K, reserved 1114112K
  class space    used 1264K, committed 1408K, reserved 1048576K
}
Event: 8598.830 GC heap after
{Heap after GC invocations=10 (full 0):
 garbage-first heap   total 264192K, used 6836K [0x0000000700000000, 0x0000000800000000)
  region size 2048K, 1 young (2048K), 1 survivors (2048K)
 Metaspace       used 11494K, committed 11776K, reserved 1114112K
  class space    used 1264K, committed 1408K, reserved 1048576K
}

